1735241571.001102 client started (47140): version 3.5a, socket /run/user/1000/tmux-1000/default, protocol 8
1735241571.001168 on Linux 6.6.66 #1-NixOS SMP PREEMPT_DYNAMIC Sat Dec 14 19:00:23 UTC 2024
1735241571.001196 using libevent 2.1.12-stable poll
1735241571.001218 using utf8proc 2.9.0
1735241571.001224 using ncurses 6.4 20221231
1735241571.001259 flags are 0x10010000
1735241571.001291 socket is /run/user/1000/tmux-1000/default
1735241571.001314 trying connect
1735241571.001449 add peer 0x265a6820: 6 ((nil))
1735241571.002279 sending message 111 to peer 0x265a6820 (8 bytes)
1735241571.002305 sending message 111 to peer 0x265a6820 (8 bytes)
1735241571.002312 sending message 101 to peer 0x265a6820 (15 bytes)
1735241571.002318 sending message 109 to peer 0x265a6820 (4 bytes)
1735241571.002324 sending message 102 to peer 0x265a6820 (11 bytes)
1735241571.002330 sending message 108 to peer 0x265a6820 (24 bytes)
1735241571.002335 sending message 112 to peer 0x265a6820 (58 bytes)
1735241571.002341 sending message 112 to peer 0x265a6820 (5 bytes)
1735241571.002347 sending message 112 to peer 0x265a6820 (5 bytes)
1735241571.002352 sending message 112 to peer 0x265a6820 (6 bytes)
1735241571.002358 sending message 112 to peer 0x265a6820 (6 bytes)
1735241571.002363 sending message 112 to peer 0x265a6820 (11 bytes)
1735241571.002368 sending message 112 to peer 0x265a6820 (10 bytes)
1735241571.002374 sending message 112 to peer 0x265a6820 (13 bytes)
1735241571.002379 sending message 112 to peer 0x265a6820 (14 bytes)
1735241571.002384 sending message 112 to peer 0x265a6820 (19 bytes)
1735241571.002390 sending message 112 to peer 0x265a6820 (11 bytes)
1735241571.002396 sending message 112 to peer 0x265a6820 (10 bytes)
1735241571.002401 sending message 112 to peer 0x265a6820 (15 bytes)
1735241571.002407 sending message 112 to peer 0x265a6820 (21 bytes)
1735241571.002412 sending message 112 to peer 0x265a6820 (13 bytes)
1735241571.002418 sending message 112 to peer 0x265a6820 (7 bytes)
1735241571.002423 sending message 112 to peer 0x265a6820 (13 bytes)
1735241571.002429 sending message 112 to peer 0x265a6820 (7 bytes)
1735241571.002434 sending message 112 to peer 0x265a6820 (13 bytes)
1735241571.002440 sending message 112 to peer 0x265a6820 (9 bytes)
1735241571.002445 sending message 112 to peer 0x265a6820 (21 bytes)
1735241571.002451 sending message 112 to peer 0x265a6820 (13 bytes)
1735241571.002457 sending message 112 to peer 0x265a6820 (9 bytes)
1735241571.002462 sending message 112 to peer 0x265a6820 (16 bytes)
1735241571.002467 sending message 112 to peer 0x265a6820 (13 bytes)
1735241571.002472 sending message 112 to peer 0x265a6820 (9 bytes)
1735241571.002478 sending message 112 to peer 0x265a6820 (9 bytes)
1735241571.002483 sending message 112 to peer 0x265a6820 (12 bytes)
1735241571.002489 sending message 112 to peer 0x265a6820 (8 bytes)
1735241571.002495 sending message 112 to peer 0x265a6820 (8 bytes)
1735241571.002500 sending message 112 to peer 0x265a6820 (13 bytes)
1735241571.002506 sending message 112 to peer 0x265a6820 (7 bytes)
1735241571.002511 sending message 112 to peer 0x265a6820 (7 bytes)
1735241571.002516 sending message 112 to peer 0x265a6820 (9 bytes)
1735241571.002522 sending message 112 to peer 0x265a6820 (9 bytes)
1735241571.002527 sending message 112 to peer 0x265a6820 (15 bytes)
1735241571.002533 sending message 112 to peer 0x265a6820 (13 bytes)
1735241571.002538 sending message 112 to peer 0x265a6820 (12 bytes)
1735241571.002543 sending message 112 to peer 0x265a6820 (8 bytes)
1735241571.002549 sending message 112 to peer 0x265a6820 (14 bytes)
1735241571.002554 sending message 112 to peer 0x265a6820 (11 bytes)
1735241571.002559 sending message 112 to peer 0x265a6820 (9 bytes)
1735241571.002565 sending message 112 to peer 0x265a6820 (10 bytes)
1735241571.002571 sending message 112 to peer 0x265a6820 (10 bytes)
1735241571.002577 sending message 112 to peer 0x265a6820 (10 bytes)
1735241571.002582 sending message 112 to peer 0x265a6820 (10 bytes)
1735241571.002587 sending message 112 to peer 0x265a6820 (11 bytes)
1735241571.002610 sending message 112 to peer 0x265a6820 (12 bytes)
1735241571.002616 sending message 112 to peer 0x265a6820 (12 bytes)
1735241571.002622 sending message 112 to peer 0x265a6820 (12 bytes)
1735241571.002628 sending message 112 to peer 0x265a6820 (12 bytes)
1735241571.002634 sending message 112 to peer 0x265a6820 (12 bytes)
1735241571.002639 sending message 112 to peer 0x265a6820 (11 bytes)
1735241571.002645 sending message 112 to peer 0x265a6820 (11 bytes)
1735241571.002651 sending message 112 to peer 0x265a6820 (12 bytes)
1735241571.002656 sending message 112 to peer 0x265a6820 (12 bytes)
1735241571.002661 sending message 112 to peer 0x265a6820 (12 bytes)
1735241571.002667 sending message 112 to peer 0x265a6820 (12 bytes)
1735241571.002673 sending message 112 to peer 0x265a6820 (12 bytes)
1735241571.002678 sending message 112 to peer 0x265a6820 (9 bytes)
1735241571.002684 sending message 112 to peer 0x265a6820 (12 bytes)
1735241571.002690 sending message 112 to peer 0x265a6820 (13 bytes)
1735241571.002695 sending message 112 to peer 0x265a6820 (13 bytes)
1735241571.002701 sending message 112 to peer 0x265a6820 (13 bytes)
1735241571.002706 sending message 112 to peer 0x265a6820 (13 bytes)
1735241571.002712 sending message 112 to peer 0x265a6820 (13 bytes)
1735241571.002717 sending message 112 to peer 0x265a6820 (8 bytes)
1735241571.002723 sending message 112 to peer 0x265a6820 (11 bytes)
1735241571.002729 sending message 112 to peer 0x265a6820 (11 bytes)
1735241571.002735 sending message 112 to peer 0x265a6820 (11 bytes)
1735241571.002740 sending message 112 to peer 0x265a6820 (12 bytes)
1735241571.002745 sending message 112 to peer 0x265a6820 (12 bytes)
1735241571.002751 sending message 112 to peer 0x265a6820 (12 bytes)
1735241571.002756 sending message 112 to peer 0x265a6820 (12 bytes)
1735241571.002762 sending message 112 to peer 0x265a6820 (13 bytes)
1735241571.002767 sending message 112 to peer 0x265a6820 (13 bytes)
1735241571.002773 sending message 112 to peer 0x265a6820 (13 bytes)
1735241571.002778 sending message 112 to peer 0x265a6820 (8 bytes)
1735241571.002784 sending message 112 to peer 0x265a6820 (13 bytes)
1735241571.002790 sending message 112 to peer 0x265a6820 (13 bytes)
1735241571.002795 sending message 112 to peer 0x265a6820 (13 bytes)
1735241571.002801 sending message 112 to peer 0x265a6820 (13 bytes)
1735241571.002806 sending message 112 to peer 0x265a6820 (13 bytes)
1735241571.002812 sending message 112 to peer 0x265a6820 (12 bytes)
1735241571.002818 sending message 112 to peer 0x265a6820 (12 bytes)
1735241571.002824 sending message 112 to peer 0x265a6820 (12 bytes)
1735241571.002829 sending message 112 to peer 0x265a6820 (12 bytes)
1735241571.002834 sending message 112 to peer 0x265a6820 (13 bytes)
1735241571.002840 sending message 112 to peer 0x265a6820 (8 bytes)
1735241571.002845 sending message 112 to peer 0x265a6820 (13 bytes)
1735241571.002851 sending message 112 to peer 0x265a6820 (13 bytes)
1735241571.002857 sending message 112 to peer 0x265a6820 (13 bytes)
1735241571.002862 sending message 112 to peer 0x265a6820 (13 bytes)
1735241571.002868 sending message 112 to peer 0x265a6820 (13 bytes)
1735241571.002874 sending message 112 to peer 0x265a6820 (13 bytes)
1735241571.002879 sending message 112 to peer 0x265a6820 (13 bytes)
1735241571.002884 sending message 112 to peer 0x265a6820 (12 bytes)
1735241571.002890 sending message 112 to peer 0x265a6820 (12 bytes)
1735241571.002895 sending message 112 to peer 0x265a6820 (12 bytes)
1735241571.002901 sending message 112 to peer 0x265a6820 (8 bytes)
1735241571.002907 sending message 112 to peer 0x265a6820 (12 bytes)
1735241571.002912 sending message 112 to peer 0x265a6820 (13 bytes)
1735241571.002918 sending message 112 to peer 0x265a6820 (13 bytes)
1735241571.002923 sending message 112 to peer 0x265a6820 (13 bytes)
1735241571.002929 sending message 112 to peer 0x265a6820 (13 bytes)
1735241571.002934 sending message 112 to peer 0x265a6820 (13 bytes)
1735241571.002940 sending message 112 to peer 0x265a6820 (13 bytes)
1735241571.002945 sending message 112 to peer 0x265a6820 (13 bytes)
1735241571.002959 sending message 112 to peer 0x265a6820 (13 bytes)
1735241571.002965 sending message 112 to peer 0x265a6820 (12 bytes)
1735241571.002970 sending message 112 to peer 0x265a6820 (10 bytes)
1735241571.002976 sending message 112 to peer 0x265a6820 (12 bytes)
1735241571.002981 sending message 112 to peer 0x265a6820 (12 bytes)
1735241571.002987 sending message 112 to peer 0x265a6820 (12 bytes)
1735241571.002992 sending message 112 to peer 0x265a6820 (13 bytes)
1735241571.002998 sending message 112 to peer 0x265a6820 (13 bytes)
1735241571.003003 sending message 112 to peer 0x265a6820 (13 bytes)
1735241571.003009 sending message 112 to peer 0x265a6820 (13 bytes)
1735241571.003014 sending message 112 to peer 0x265a6820 (13 bytes)
1735241571.003020 sending message 112 to peer 0x265a6820 (13 bytes)
1735241571.003026 sending message 112 to peer 0x265a6820 (13 bytes)
1735241571.003031 sending message 112 to peer 0x265a6820 (10 bytes)
1735241571.003037 sending message 112 to peer 0x265a6820 (13 bytes)
1735241571.003042 sending message 112 to peer 0x265a6820 (12 bytes)
1735241571.003048 sending message 112 to peer 0x265a6820 (12 bytes)
1735241571.003053 sending message 112 to peer 0x265a6820 (12 bytes)
1735241571.003059 sending message 112 to peer 0x265a6820 (10 bytes)
1735241571.003065 sending message 112 to peer 0x265a6820 (10 bytes)
1735241571.003070 sending message 112 to peer 0x265a6820 (10 bytes)
1735241571.003075 sending message 112 to peer 0x265a6820 (12 bytes)
1735241571.003081 sending message 112 to peer 0x265a6820 (13 bytes)
1735241571.003087 sending message 112 to peer 0x265a6820 (13 bytes)
1735241571.003092 sending message 112 to peer 0x265a6820 (13 bytes)
1735241571.003098 sending message 112 to peer 0x265a6820 (13 bytes)
1735241571.003104 sending message 112 to peer 0x265a6820 (13 bytes)
1735241571.003109 sending message 112 to peer 0x265a6820 (10 bytes)
1735241571.003114 sending message 112 to peer 0x265a6820 (11 bytes)
1735241571.003120 sending message 112 to peer 0x265a6820 (12 bytes)
1735241571.003126 sending message 112 to peer 0x265a6820 (12 bytes)
1735241571.003131 sending message 112 to peer 0x265a6820 (12 bytes)
1735241571.003137 sending message 112 to peer 0x265a6820 (12 bytes)
1735241571.003143 sending message 112 to peer 0x265a6820 (12 bytes)
1735241571.003148 sending message 112 to peer 0x265a6820 (11 bytes)
1735241571.003154 sending message 112 to peer 0x265a6820 (12 bytes)
1735241571.003159 sending message 112 to peer 0x265a6820 (12 bytes)
1735241571.003165 sending message 112 to peer 0x265a6820 (13 bytes)
1735241571.003170 sending message 112 to peer 0x265a6820 (13 bytes)
1735241571.003193 sending message 112 to peer 0x265a6820 (13 bytes)
1735241571.003204 sending message 112 to peer 0x265a6820 (13 bytes)
1735241571.003209 sending message 112 to peer 0x265a6820 (13 bytes)
1735241571.003215 sending message 112 to peer 0x265a6820 (10 bytes)
1735241571.003220 sending message 112 to peer 0x265a6820 (9 bytes)
1735241571.003226 sending message 112 to peer 0x265a6820 (12 bytes)
1735241571.003232 sending message 112 to peer 0x265a6820 (13 bytes)
1735241571.003237 sending message 112 to peer 0x265a6820 (13 bytes)
1735241571.003243 sending message 112 to peer 0x265a6820 (13 bytes)
1735241571.003253 sending message 112 to peer 0x265a6820 (13 bytes)
1735241571.003259 sending message 112 to peer 0x265a6820 (13 bytes)
1735241571.003265 sending message 112 to peer 0x265a6820 (9 bytes)
1735241571.003270 sending message 112 to peer 0x265a6820 (12 bytes)
1735241571.003276 sending message 112 to peer 0x265a6820 (13 bytes)
1735241571.003281 sending message 112 to peer 0x265a6820 (13 bytes)
1735241571.003287 sending message 112 to peer 0x265a6820 (13 bytes)
1735241571.003293 sending message 112 to peer 0x265a6820 (13 bytes)
1735241571.003298 sending message 112 to peer 0x265a6820 (13 bytes)
1735241571.003304 sending message 112 to peer 0x265a6820 (11 bytes)
1735241571.003309 sending message 112 to peer 0x265a6820 (12 bytes)
1735241571.003315 sending message 112 to peer 0x265a6820 (13 bytes)
1735241571.003329 sending message 112 to peer 0x265a6820 (13 bytes)
1735241571.003335 sending message 112 to peer 0x265a6820 (13 bytes)
1735241571.003340 sending message 112 to peer 0x265a6820 (13 bytes)
1735241571.003346 sending message 112 to peer 0x265a6820 (13 bytes)
1735241571.003352 sending message 112 to peer 0x265a6820 (11 bytes)
1735241571.003357 sending message 112 to peer 0x265a6820 (12 bytes)
1735241571.003363 sending message 112 to peer 0x265a6820 (12 bytes)
1735241571.003368 sending message 112 to peer 0x265a6820 (12 bytes)
1735241571.003374 sending message 112 to peer 0x265a6820 (12 bytes)
1735241571.003380 sending message 112 to peer 0x265a6820 (12 bytes)
1735241571.003386 sending message 112 to peer 0x265a6820 (21 bytes)
1735241571.003392 sending message 112 to peer 0x265a6820 (12 bytes)
1735241571.003398 sending message 112 to peer 0x265a6820 (9 bytes)
1735241571.003404 sending message 112 to peer 0x265a6820 (6 bytes)
1735241571.003409 sending message 112 to peer 0x265a6820 (13 bytes)
1735241571.003415 sending message 112 to peer 0x265a6820 (10 bytes)
1735241571.003421 sending message 112 to peer 0x265a6820 (24 bytes)
1735241571.003426 sending message 112 to peer 0x265a6820 (13 bytes)
1735241571.003432 sending message 112 to peer 0x265a6820 (9 bytes)
1735241571.003439 sending message 112 to peer 0x265a6820 (70 bytes)
1735241571.003445 sending message 112 to peer 0x265a6820 (69 bytes)
1735241571.003451 sending message 112 to peer 0x265a6820 (12 bytes)
1735241571.003457 sending message 112 to peer 0x265a6820 (10 bytes)
1735241571.003463 sending message 112 to peer 0x265a6820 (10 bytes)
1735241571.003468 sending message 112 to peer 0x265a6820 (24 bytes)
1735241571.003474 sending message 112 to peer 0x265a6820 (13 bytes)
1735241571.003480 sending message 112 to peer 0x265a6820 (10 bytes)
1735241571.003486 sending message 112 to peer 0x265a6820 (10 bytes)
1735241571.003491 sending message 112 to peer 0x265a6820 (10 bytes)
1735241571.003499 sending message 112 to peer 0x265a6820 (13 bytes)
1735241571.003508 sending message 112 to peer 0x265a6820 (15 bytes)
1735241571.003518 sending message 112 to peer 0x265a6820 (5 bytes)
1735241571.003530 sending message 104 to peer 0x265a6820 (0 bytes)
1735241571.003539 sending message 110 to peer 0x265a6820 (0 bytes)
1735241571.003550 sending message 107 to peer 0x265a6820 (4 bytes)
1735241571.003559 sending message 105 to peer 0x265a6820 (38 bytes)
1735241571.003569 sending message 105 to peer 0x265a6820 (62 bytes)
1735241571.003578 sending message 105 to peer 0x265a6820 (35 bytes)
1735241571.003588 sending message 105 to peer 0x265a6820 (20 bytes)
1735241571.003595 sending message 105 to peer 0x265a6820 (79 bytes)
1735241571.003600 sending message 105 to peer 0x265a6820 (54 bytes)
1735241571.003606 sending message 105 to peer 0x265a6820 (22 bytes)
1735241571.003612 sending message 105 to peer 0x265a6820 (11 bytes)
1735241571.003619 sending message 105 to peer 0x265a6820 (12 bytes)
1735241571.003625 sending message 105 to peer 0x265a6820 (92 bytes)
1735241571.003631 sending message 105 to peer 0x265a6820 (17 bytes)
1735241571.003637 sending message 105 to peer 0x265a6820 (21 bytes)
1735241571.003643 sending message 105 to peer 0x265a6820 (208 bytes)
1735241571.003650 sending message 105 to peer 0x265a6820 (570 bytes)
1735241571.003657 sending message 105 to peer 0x265a6820 (91 bytes)
1735241571.003663 sending message 105 to peer 0x265a6820 (35 bytes)
1735241571.003669 sending message 105 to peer 0x265a6820 (2674 bytes)
1735241571.003714 sending message 105 to peer 0x265a6820 (24 bytes)
1735241571.003721 sending message 105 to peer 0x265a6820 (33 bytes)
1735241571.003728 sending message 105 to peer 0x265a6820 (23 bytes)
1735241571.003734 sending message 105 to peer 0x265a6820 (355 bytes)
1735241571.003741 sending message 105 to peer 0x265a6820 (954 bytes)
1735241571.003747 sending message 105 to peer 0x265a6820 (16 bytes)
1735241571.003753 sending message 105 to peer 0x265a6820 (575 bytes)
1735241571.003759 sending message 105 to peer 0x265a6820 (47 bytes)
1735241571.003783 sending message 105 to peer 0x265a6820 (22 bytes)
1735241571.003790 sending message 105 to peer 0x265a6820 (17 bytes)
1735241571.003795 sending message 105 to peer 0x265a6820 (23 bytes)
1735241571.003801 sending message 105 to peer 0x265a6820 (30 bytes)
1735241571.003807 sending message 105 to peer 0x265a6820 (27 bytes)
1735241571.003813 sending message 105 to peer 0x265a6820 (24 bytes)
1735241571.003819 sending message 105 to peer 0x265a6820 (20 bytes)
1735241571.003824 sending message 105 to peer 0x265a6820 (23 bytes)
1735241571.003829 sending message 105 to peer 0x265a6820 (21 bytes)
1735241571.003835 sending message 105 to peer 0x265a6820 (25 bytes)
1735241571.003841 sending message 105 to peer 0x265a6820 (20 bytes)
1735241571.003847 sending message 105 to peer 0x265a6820 (8 bytes)
1735241571.003852 sending message 105 to peer 0x265a6820 (72 bytes)
1735241571.003859 sending message 105 to peer 0x265a6820 (296 bytes)
1735241571.003865 sending message 105 to peer 0x265a6820 (64 bytes)
1735241571.003871 sending message 105 to peer 0x265a6820 (112 bytes)
1735241571.003877 sending message 105 to peer 0x265a6820 (13 bytes)
1735241571.003882 sending message 105 to peer 0x265a6820 (32 bytes)
1735241571.003889 sending message 105 to peer 0x265a6820 (1905 bytes)
1735241571.003897 sending message 105 to peer 0x265a6820 (16 bytes)
1735241571.003904 sending message 105 to peer 0x265a6820 (144 bytes)
1735241571.003910 sending message 105 to peer 0x265a6820 (51 bytes)
1735241571.003916 sending message 105 to peer 0x265a6820 (107 bytes)
1735241571.003922 sending message 105 to peer 0x265a6820 (43 bytes)
1735241571.003928 sending message 105 to peer 0x265a6820 (165 bytes)
1735241571.003934 sending message 105 to peer 0x265a6820 (76 bytes)
1735241571.003940 sending message 105 to peer 0x265a6820 (232 bytes)
1735241571.003946 sending message 105 to peer 0x265a6820 (57 bytes)
1735241571.003952 sending message 105 to peer 0x265a6820 (83 bytes)
1735241571.003958 sending message 105 to peer 0x265a6820 (31 bytes)
1735241571.003964 sending message 105 to peer 0x265a6820 (11 bytes)
1735241571.003970 sending message 105 to peer 0x265a6820 (274 bytes)
1735241571.003976 sending message 105 to peer 0x265a6820 (28 bytes)
1735241571.003982 sending message 105 to peer 0x265a6820 (408 bytes)
1735241571.003988 sending message 105 to peer 0x265a6820 (80 bytes)
1735241571.003994 sending message 105 to peer 0x265a6820 (66 bytes)
1735241571.004001 sending message 105 to peer 0x265a6820 (8 bytes)
1735241571.004007 sending message 105 to peer 0x265a6820 (103 bytes)
1735241571.004013 sending message 105 to peer 0x265a6820 (101 bytes)
1735241571.004019 sending message 105 to peer 0x265a6820 (41 bytes)
1735241571.004025 sending message 105 to peer 0x265a6820 (38 bytes)
1735241571.004031 sending message 105 to peer 0x265a6820 (19 bytes)
1735241571.004037 sending message 105 to peer 0x265a6820 (22 bytes)
1735241571.004043 sending message 105 to peer 0x265a6820 (20 bytes)
1735241571.004049 sending message 105 to peer 0x265a6820 (353 bytes)
1735241571.004055 sending message 105 to peer 0x265a6820 (18 bytes)
1735241571.004061 sending message 105 to peer 0x265a6820 (26 bytes)
1735241571.004067 sending message 105 to peer 0x265a6820 (45 bytes)
1735241571.004073 sending message 105 to peer 0x265a6820 (13 bytes)
1735241571.004079 sending message 105 to peer 0x265a6820 (27 bytes)
1735241571.004085 sending message 105 to peer 0x265a6820 (20 bytes)
1735241571.004090 sending message 105 to peer 0x265a6820 (10 bytes)
1735241571.004096 sending message 105 to peer 0x265a6820 (14 bytes)
1735241571.004102 sending message 105 to peer 0x265a6820 (26 bytes)
1735241571.004108 sending message 105 to peer 0x265a6820 (54 bytes)
1735241571.004114 sending message 105 to peer 0x265a6820 (707 bytes)
1735241571.004121 sending message 105 to peer 0x265a6820 (387 bytes)
1735241571.004127 sending message 105 to peer 0x265a6820 (26 bytes)
1735241571.004133 sending message 105 to peer 0x265a6820 (2715 bytes)
1735241571.004142 sending message 105 to peer 0x265a6820 (23 bytes)
1735241571.004155 sending message 105 to peer 0x265a6820 (31 bytes)
1735241571.004161 sending message 105 to peer 0x265a6820 (23 bytes)
1735241571.004166 sending message 105 to peer 0x265a6820 (26 bytes)
1735241571.004172 sending message 105 to peer 0x265a6820 (25 bytes)
1735241571.004194 sending message 105 to peer 0x265a6820 (39 bytes)
1735241571.004205 sending message 105 to peer 0x265a6820 (25 bytes)
1735241571.004214 sending message 105 to peer 0x265a6820 (29 bytes)
1735241571.004223 sending message 105 to peer 0x265a6820 (31 bytes)
1735241571.004256 sending message 105 to peer 0x265a6820 (17 bytes)
1735241571.004263 sending message 106 to peer 0x265a6820 (0 bytes)
1735241571.004421 sending message 200 to peer 0x265a6820 (4 bytes)
1735241571.004430 client loop enter
1735241571.011309 peer 0x265a6820 message 303
1735241571.011341 open write file 2 -
1735241571.011361 sending message 305 to peer 0x265a6820 (8 bytes)
1735241571.011401 write check file 2
1735241571.011851 peer 0x265a6820 message 304
1735241571.011869 write 58 to file 2
1735241571.011881 peer 0x265a6820 message 203
1735241571.011887 file 2 58 bytes left
1735241571.011919 write check file 2
1735241571.011925 client loop exit
